[    0.000000] Initializing cgroup subsys cpuset
[    0.000000] Initializing cgroup subsys cpu
[    0.000000] Initializing cgroup subsys cpuacct
[    0.000000] Linux version 4.4.0-128-generic (buildd@lcy01-amd64-019) (gcc version 5.4.0 20160609 (Ubuntu 5.4.0-6ubuntu1~16.04.9) ) #154-Ubuntu SMP Fri May 25 14:15:18 UTC 2018 (Ubuntu 4.4.0-128.154-generic 4.4.131)
[    0.000000] Command line: BOOT_IMAGE=/boot/vmlinuz-4.4.0-128-generic root=LABEL=cloudimrootfs ro console=tty1 console=yS0
[    0.000000] KERNEL supported cpus:
[    0.000000]   Intel GenuineIntel
[    0.000000  AMD AuthentiMD
[    0.000000]   Centaur CentaurHauls
[    0.000000] x86/fpu: xstate_offset[2]:  576, xstate_sizes[2]:  256
[    0.000000] x86/fpu: Supporting XSAVE feature 0x01: 'x87 floating point registrs'
[    0.000000] x86/fpu: Supporting XSAVE feature 0x02: 'SSE registers'
[    0.000000] x86/fpu: Supporting XSAVE feature 0x04: 'AVX registers'
[    0.000000] x86/fpu: Enabled xstate features 0x7, context size is 832 bytes, using 'standard' format.
[    0.000000] x86/fpu: Using 'lazy' FPU context switches.
[    0.000000] e820: BIOS-provided physical RAM m:
[   0.00000] OSe80: [mem 0x0000000000000000-0x000000000009fbff] usable
[    0.000000] BIOS-e820: [mem 0x000000000009fc00-0x00000000009ffff] reserved
[    0.000000] BIOS-e820: [mem 0x00000000000f0000-0x00000000000fffff] reserved
[    0.000000] BIOS-820: [mem 0x0000000000100000-0x000000003ffeffff] usable
[    0.000000] BIOS-e820: [mem 0x000000003fff0000-0x000000003fffffff] ACPI data
[    0.000000] BIOS-e820: [mem 0x00000000fec00000-0x00000000fec00fff] reserved[   0.00000] BIOS-e20: mem 0x00000000fee00000-0x0000000fee00fff] reserved
[    0.000000] BIOS-e820: [m 00x00000000fffc0000-0x00000000ffffffff] reserved
[    0.00000] NX (Execute Disable) protection: active
[    0.000000] SMBIOS 2.5 present.
[    0.000000] Hypervisor detected: KVM
[    0.000000] e820: last_pfn = 0x3fff0 max_arch_pfn = 0x400000000
[    0.000000] MTRR: Disabled
[    0.000000] x86/PAT: MTRRs disabled, skipping PAT initialization too.
[    0.000000] CPU MTRRs all blank - virtualized system.
[    0.000000] x/PAT Configuration [0-7]: WB  WT  UC- UC  WB  WT  UC- UC  
[    0.000000] found SMP MP-table at [mem 0x0009fff0-0x0009ffff] mapped at [ffff88000009fff0]
[    0.000000] Scanning 1 areas for low memory corruption
[    0.000000] RAMDISK: [mem 0x36aa4000-0x37549fff]
[    0.000000] ACPI: Early table checksum verification disabled
[    0.000000] ACPI: RSDP 0x00000000000E0000 000024 (v02 VBOX  )
[    0.000000] ACPI: XSDT 0x000000003FFF0030 00003C (v01 VBOX   VBOXXSDT 00000001 ASL  00000061)
[    0.000000] ACPI: FACP 0x000000003FFF00F0 0000F4 (v04 VBOX   VBOXFACP 00000001 ASL  00000061)
[    0.000000] ACPI: DSDT 0x000000003FFF0470 0021FF (v02 VBOX   VBOXBIOS 00000002 INTL 20100528)
[    0.000000] ACPI: FACS 0x000000003FFF0200 000040
[    0.000000] ACPI: FACS 0x000000003FFF0200 000040
[    0.000000] ACPI: APIC 0x000000003FFF0240 00005C (v02 VBOX   VBOXAPIC 00000001 ASL  00000061)
[    0.000000] ACPI: SSDT 0x000000003FFF02A0 0001CC (v01 VBOX   VBOXCPUT 00000002 INTL 20100528)
[    0.000000] No NUMA configuration found
[    0.000000] Faking a node at [mem 0x0000000000000000-0x000000003ffeffff]
[    0.000000] NODE_DATA(0) allocated [mem 0x3ffeb000-0xfefff]
[    0.000000] kvm-clock: Using msrs 4b564d01 and 4b564d00
[    0.000000] kvm-clock: cpu 0, msr 0:3ffe3001, primary cp clock
[    0.000000] kvm-clock:usngsced offset of 3348032682 cycles
[    0.000000] clocksource: kvm-clock: mask: 0xffffffffffffffff max_cycles: 0x1cd42e4dffb, max_idle_ns: 881590591483 ns
[    0.000000] Zone ranges:
[    0.000000]   DMA      [mem 0x00000000000100-0x0000000000ffffff]
[    0.000000]   DMA32    [mem 0x0000000001000000-0000000003ffeffff]
[    0.000000]   Normal   empty
[    .000000]   Device   empty
[    0.000000] Movable zone start for each node
[    0.000000] Early memory node ranges
[    0.000000]   node   0: [mem 0x0000000000001000-0x000000000009efff]
[    0.0000]   node   0 [m 0x000000000100000-0x0000003ffeffff]
[    0.0000 Initmem setup node 0 [mem 0x0000000000001000-0x000000003ffeffff]
[    0.000000] ACPI: PMTimer IO Port: 0x4008
[    0.000000] IOAPIC[0]: apic_id 2, version 32, address 0xfec00000,GSI 0-23
[    0.000000] ACPI: INT_SRC_OVR (bus 0 bus_irq 0 global_irq 2 dfl dfl)[    0.000000] ACPI: INT_SRC_OVR (bus 0 bus_irq 9 global_irq 9 low level)
[    0.000000] Using ACPI (MADT) for SMP configuration information
[    0.000000] smpboot: Allowing 2 CPUs, 0 hotplug CPUs
[    0.000000] PM: Registered nosave memory: [mem 0x00000000-0x00000fff]
[    0.000000] PM: Registered nosave memory: [mem 0x0009f000-0x0009fff
    00000] PM: Registered nosave memory [mem 0x000a0000-0x000effff]
[    0.000000] PM: Registered nosave memory [mm x000f0000-0x000fffff]
[    0.000000] e820: [mem 0x40000000-0xfebfffff] avaiabe orPCI devices
[    0.000000]ootig paravirtualized kernel on KVM
[    0.00000] clocksouce refned-jiie: as: 0xffffffff max_cycles: 0xffffffff, max_idle_ns: 7645519600211568 ns
[    0.000000] setup_percpu: NR_CPUS:512 nr_cpumask_bits:512 nr_cpu_ids:2 nr_node_ids:1
[    0.000000] PERCPU: Embedded 34 pages/cpu @ffff88003fc00000 s99544 r8192 d31528 u1048576
[    0.000000] PV qspinlock hash table entries: 256 (order: 0, 4096 bytes)
[    0.000000] Built 1 zonelists in Node rd, obility grouping on.  Total pages: 257912
[  00000] Policyzo: DMA32
[    .000000] Kernel commandd line: BOOT_IMAGE=/boot/vmlinuz-4.4.0-128-generic root=LABEL=cloudimg-rootfs ro console=tty1 console=ttyS0
[    0.000000] PID hash table entries: 4096 (order: 3, 32768 bytes)
[    0.000000] Memory: 1001616K/1048120K available (8541K kernel code, 1313K rwdata, 4000K rodata, 1512K init, 1316K bss, 46504K reserved, 0K cma-reserved)
[    0.000000] SLUB: HWalign=64, Order=0-3, MinObjects=0, CPUs=2, Nodes=1
[    0.000000] Kernel/User page tables isolation: enabled
[    0.000000] Hierarchical RCU implementation.
[    0.000000] 	Build-time adjustment of leaf fanout to 64.
[    0.000000] 	RCU restricting CPUs from NR_CPUS=512 to nr_cpu_ids=2.
[    0.000000] RCU: Adjusting geometry for rcu_fanout_leaf=64, nr_cpu_ids=2
[    0.000000] NR_IRQS:33024 nr_irqs:440 16
[    0.000000] Console: colour VGA+ 80x25
[    0.000000] console [tty1] enabled
[    0.000000] onsole [ttyS0] enabled
[    0.000000] tsc: Detected 3503.998 MHz processor
[    2.323722] Calibrating delay loop (skipped) preset value.. 7007.99 BogoMIPS (lpj=14015992)
[    2.330521] pid_max: default: 32768 minimum: 301
[    2.338315] ACPI: Core revision 20150930
[    2.341072] ACPI: 2 ACPI AML tables successfully acquired and loaded
[    2.347340] Security Framework initialized
[    2.348848] Yama: becoming mindful.
[    2.351901] AppArmor: AppArmor initialized
[    2.353647] Dentry cache hash table entries: 131072 (order: 8, 1048576 bytes)
[    2.356772] Inode-cache hash table entries: 65536 (order: 7, 524288 bytes)
[    2.358554] Mount-cache hash table entries: 2048 (order: 2, 16384 bytes)
[    2.360254] Mountpoint-cache hash table entries: 2048 (order: 2, 16384 bytes)
[    2.362180] Initializing cgroup subsys io
[    2.363232] Initializing cgroup subsys memory
[    2.364373] Initializing cgroup subsys devices
[    2.365566] Initializing cgroup subsys freezer
[    2.372290] Initializing cgroup subsys net_cls
[    2.373390] Initializing cgroup subsys perf_event
[    2.386864] Initializing cgroup subsys net_prio
[    2.388020] Initializing cgroup subsys hugetlb
[    2.389163] Initializing cgroup subsys pids
[    2.390322] CPU: Physical Processor ID: 0
[    2.391308] CPU: Processor Core ID: 0
[    2.393220] mce: CPU supports 0 MCE banks
[    2.394195] Last level iTLB entries: 4KB 64, 2MB 8, 4MB 8
[    2.395404] Last level dTLB entries: 4KB 64, 2MB 0, 4MB 0, 1GB 4
[    2.396906] Spectre V2 : Mitigation: Full generic retpoline
[    2.406957] Spectre V2 : Speculation control IBPB not-supported IBRS not-supported
[    2.416389] Spectre V2 : Filling RSB on context switch
[    2.442706] Speculative Store Bypass: Vulnerable
[    2.463752] Freeing SMP alternatives memory: 32K
[    2.497091] ftrace: allocating 32236 entries in 126 pages
[    2.743445] smpboot: APIC(0) Converting physical 0 to logical package 0
[    2.763549] smpboot: Max logical packages: 1
[    2.775139] x2apic enabled
[    2.780522] Switched APIC routing to physical x2apic.
[    2.796833] ..TIMER: vector=0x30 apic1=0 pin1=2 apic2=-1 pin2=-1
[    2.938057] smpboot: CPU0: Intel(R) Core(TM) i7-7567U CPU @ 3.50GHz (family: 0x6, model: 0x8e, stepping: 0x9)
[    2.980426] Performance Events: unsupported p6 CPU model 142 no PMU driver, software events only.
[    2.982815] KVM setup paravirtual spinlock
[    2.993985] x86: Booting SMP configuration:
[    3.000863] .... node  #0, CPUs:      #1
[    3.009423] kvm-clock: cpu 1, msr 0:3ffe3041, secondary cpu clock
[    3.023938] mce: CPU supports 0 MCE banks
[    3.034212] x86: Booted up 1 node, 2 CPUs
[    3.047878] smpboot: Total of 2 processors activated (14015.99 BogoMIPS)
[    3.052191] devtmpfs: initialized
[    3.062307] evm: security.selinux
[    3.064937] evm: security.SMACK64
[    3.071662] evm: security.SMACK64EXEC
[    3.105261] evm: security.SMACK64TRANSMUTE
[    3.115826] evm: security.SMACK64MMAP
[    3.127846] evm: security.ima
[    3.128957] evm: security.capability
[    3.137595] clocksource: jiffies: mask: 0xffffffff max_cycles: 0xffffffff, max_idle_ns: 7645041785100000 ns
[    3.154060] futex hash table entries: 512 (order: 3, 32768 bytes)
[    3.164039] pinctrl core: initialized pinctrl subsystem
[    3.185325] RTC time:  4:33:44, date: 07/19/18
[    3.187906] NET: Registered protocol family 16
[    3.206073] cpuidle: using governor ladder
[    3.226382] cpuidle: using governor menu
[    3.233755] PCCT header not found.
[    3.236019] ACPI: bus type PCI registered
[    3.248735] acpiphp: ACPI Hot Plug PCI Controller Driver version: 0.5
[    3.255293] PCI: Using configuration type 1 for base access
[    3.279150] ACPI: Added _OSI(Module Device)
[    3.281016] ACPI: Added _OSI(Processor Device)
[    3.283095] ACPI: Added _OSI(3.0 _SCP Extensions)
[    3.285900] ACPI: Added _OSI(Processor Aggregator Device)
[    3.297857] ACPI: Executed 1 blocks of module-level executable AML code
[    3.324062] ACPI: Interpreter enabled
[    3.325761] ACPI: (supports S0 S5)
[    3.332840] ACPI: Using IOAPIC for interrupt routing
[    3.341661] PCI: Using host bridge windows from ACPI; if necessary, use "pci=nocrs" and report a bug
[    3.372940] ACPI: PCI Root Bridge [PCI0] (domain 0000 [bus 00-ff])
[    3.380615] acpi PNP0A03:00: _OSC: OS supports [ASPM ClockPM Segments MSI]
[    3.388200] acpi PNP0A03:00: _OSC: not requesting OS control; OS requires [ExtendedConfig ASPM ClockPM MSI]
[    3.413824] acpi PNP0A03:00: fail to add MMCONFIG information, can't access extended PCI configuration space under this bridge.
[    3.439474] PCI host bridge to bus 0000:00
[    3.451274] pci_bus 0000:00: root bus resource [io  0x0000-0x0cf7 window]
[    3.464651] pci_bus 0000:00: root bus resource [io  0x0d00-0xffff window]
[    3.494295] pci_bus 0000:00: root bus resource [mem 0x000a0000-0x000bffff window]
[    3.496413] pci_bus 0000:00: root bus resource [mem 0x40000000-0xfdffffff window]
[    3.523850] pci_bus 0000:00: root bus resource [bus 00-ff]
[    3.533145] pci 0000:00:01.1: legacy IDE quirk: reg 0x10: [io  0x01f0-0x01f7]
[    3.540451] pci 0000:00:01.1: legacy IDE quirk: reg 0x14: [io  0x03f6]
[    3.583007] pci 0000:00:01.1: legacy IDE quirk: reg 0x18: [io  0x0170-0x0177]
[    3.622096] pci 0000:00:01.1: legacy IDE quirk: reg 0x1c: [io  0x0376]
[    3.649196] pci 0000:00:07.0: quirk: [io  0x4000-0x403f] claimed by PIIX4 ACPI
[    3.707396] pci 0000:00:07.0: quirk: [io  0x4100-0x410f] claimed by PIIX4 SMB
[    3.761138] ACPI: PCI Interrupt Link [LNKA] (IRQs 5 9 10 *11)
[    3.768721] ACPI: PCI Interrupt Link [LNKB] (IRQs 5 9 *10 11)
[    3.775030] ACPI: PCI Interrupt Link [LNKC] (IRQs 5 *9 10 11)
[    3.780981] ACPI: PCI Interrupt Link [LNKD] (IRQs 5 9 10 *11)
[    3.788495] ACPI: Enabled 2 GPEs in block 00 to 07
[    3.793691] vgaarb: setting as boot device: PCI:0000:00:02.0
[    3.804722] vgaarb: device added: PCI:0000:00:02.0,decodes=io+mem,owns=io+mem,locks=none
[    3.812517] vgaarb: loaded
[    3.826648] vgaarb: bridge control possible 0000:00:02.0
[    3.830167] SCSI subsystem initialized
[    3.841221] ACPI: bus type USB registered
[    3.851991] usbcore: registered new interface driver usbfs
[    3.878114] usbcore: registered new interface driver hub
[    3.880050] usbcore: registered new device driver usb
[    3.882949] PCI: Using ACPI for IRQ routing
[    3.902375] NetLabel: Initializing
[    3.903634] NetLabel:  domain hash size = 128
[    3.922635] NetLabel:  protocols = UNLABELED CIPSOv4
[    3.923902] NetLabel:  unlabeled traffic allowed by default
[    3.934754] amd_nb: Cannot enumerate AMD northbridges
[    3.949586] clocksource: Switched to clocksource kvm-clock
[    054418] AppArmor: AppArmor Filesystem Enabled
[    4.195721] pnp: PnP ACPI init
[    4.198932] pnp:nP ACPI: found 3 devices

[    4.281889] clocksource: acpi_pm: mask: 0xffffff max_cycles: 0xffffff, maxdle_ns: 2085701024 ns
[    4.539451] NET: Registered protocol family 2

[    4.549020] TCP establshed hash table entries: 8192 (order: 4, 65536 bytes)  4.696152] TCP bind hash tablentries: 8192 (order: 5, 131072 bytes)
[    4.981888] TCP: Hash tables configured (established 8192 bind 8192)
[    4.986671] UDP hash table entries: 512 (order: 2, 16384 bytes)
[    4.990764] UDP-Lite hash table entie: 12 (order: 2, 16384 bytes)
[    5.10849] NET: Registered protocol family 1
[    5.155186] pci 0000:00:00.0: Limiting direct PCI/PCI transfers
[   5.157708] pci 0000:0:01.0: tivatingSA DMA hang workarnds
[    5.435483] Unpacking initramfs...

[    8.459999] Freeing initrd memory: 10904K
[    8.462857] platform rtc_cmos: registered platform RTC device (no PNP device found)
[    8.489299] Scanning for low memory corruption every 60 seconds
[    8.513967] audit: initializing netlink subsys (disabled)
[    8.540034] audit: type=2000 adit((1531974831.687:1): initialized
[    8.699061] Initialise system trusted keyring
[    8.704510] HugeTLB registered 2 MB page size, pre-allocated 0 pages
[    8.724059] zbud: loaded
[    8.763542] VFS: Disk quotas dquot_6.6.0
[    8.840085] VFS: Dquot-cache hash table entries: 512 (order 0, 4096 bytes)
[    8.68233] squashfs: version 4.0 (2009/01/31) Phillip Lougher

[    9.000232] fe it (API version 7.23)
[    9.316362] Key type big_key registered
[    9.319237] Allocating IMMOK and blacklist keyrings.
[    9.478825] tsc: Refined TSC clocksource calibration: 3505.162 MHz

[    9.485311] clocksource: c: mask: 0xffffffffffffffff max_cycles: 0x325d50d5d, max_idle_ns: 440795278567 ns

[    9.630195] Key type asymmetric registered
[    9.631392] Asymmetric key parser 'x509' registered
[    9.632727] Block layer SCSI generic (bsg) driver version 0.4 loaded (major 249)
[    9.644438] io scheduler noop registered
[    9.647632] io scheduler deadline registered (default)
[    9.665552] io scheduler cfq registered
[    9.679219] pci_hotplug: PCI Hot Plug PCI Core version: 0.5
[    9.680579] pciehp: PCI Express Hot Plug Controller Driver version: 0.4
[    9.703695] ACPI: AC Adapter [AC] (on-line)
[    9.713162] input: Power Button as /devices/LNXSYSTM:00/LNXPWRBN:00/input/input0
[    9.715638] ACPI: Power Button [PWRF]
[    9.725189] input: Sleep Button as /devices/LNXSYSTM:00/LNXSLPBN:00/input/input1
[    9.733762] ACPI: Sleep Button [SLPF]
[    9.751582] ACPI: Battery Slot [BAT0] (battery present)
[    9.757921] GHES: HEST is not enabled!
[    9.783179] Serial: 8250/16550 driver, 32 ports, IRQ sharing enabled
[    9.825754] 00:02: ttyS0 at I/O 0x3f8 (irq = 4, base_baud = 115200) is a 16550A
[    9.847100] Linux agpgart interface v0.103
[    9.851062] loop: module loaded
[    9.869312] scsi host0: ata_piix
[    9.899486] scsi host1: ata_piix
[    9.932683] ata1: PATA max UDMA/33 cmd 0x1f0 ctl 0x3f6 bmdma 0xd000 irq 14
[    9.935226] ata2: PATA max UDMA/33 cmd 0x170 ctl 0x376 bmdma 0xd008 irq 15
[    9.980042] libphy: Fixed MDIO Bus: probed
[    9.996996] tun: Universal TUN/TAP device driver, 1.6
[   10.116401] tun: (C) 1999-2004 Max Krasnyansky <maxk@qualcomm.com>
[   10.117944] PPP generic driver version 2.4.2
[   10.120044] ehci_hcd: USB 2.0 'Enhanced' Host Controller (EHCI) Driver
[   10.131382] ehci-pci: EHCI PCI platform driver
[   10.132522] ehci-platform: EHCI generic platform driver
[   10.133842] ohci_hcd: USB 1.1 'Open' Host Controller (OHCI) Driver
[   10.147442] ohci-pci: OHCI PCI platform driver
[   10.159260] ohci-platform: OHCI generic platform driver
[   10.169995] uhci_hcd: USB Universal Host Controller Interface driver
[   10.181421] i8042: PNP: PS/2 Controller [PNP0303:PS2K,PNP0f03:PS2M] at 0x60,0x64 irq 1,12
[   10.195140] serio: i8042 KBD port at 0x60,0x64 irq 1
[   10.198122] serio: i8042 AUX port at 0x60,0x64 irq 12
[  10.202611 musedv: PS/2 moe deve mm fr all mice
[   10.635858] input: AT Translated Set 2 keyboard as /devices/platform/i8042/serio0/input/input2
[   10.649209] rtc_cmos rtc_cmos: rtc core: registered rtc_cmos as rtc0
[   10.673813] rtc_cmos rtc_cmos: alarms up to one day, 114 bytes nvram
[   10.683757] i2c /dev entries driver
[   10.691042] device-mapper: uevent: version 1.0.3
[   10.696278] device-mapper: ioctl: 4.34.0-ioctl (2015-10-28) initialised: dm-devel@redhat.com
[   10.704347] ledtrig-cpu: registered to indicate activity on CPUs
[   10.709747] NET: Registered protocol family 10
[   10.713770] NET: Registered protocol family 17
[   10.717034] Key type dns_resolver registered
[   10.721610] registered taskstats version 1
[   10.725360] Loading compiled-in X.509 certificates
[   10.730941] Loaded X.509 cert 'Build time autogenerated kernel key: fc7b57a7df019f2655f66a8a374d74ee8f4999fc'
[   10.735811] zswap: loaded using pool lzo/zbud
[   10.744254] Key type trusted registered
[   10.772317] Key type encrypted registered
[   10.788093] AppArmor: AppArmor sha1 policy hashing enabled
[   10.807198] ima: No TPM chip found, activating TPM-bypass!
[   10.830079] evm: HMAC attrs: 0x1
[   10.850718]   Magic number: 10:883:565
[   10.882448] rtc_cmos rtc_cmos: setting system clock to 2018-07-19 04:33:52 UTC (1531974832)
[   10.908264] BIOS EDD facility v0.16 2004-Jun-25, 0 devices found
[   10.968185] EDD information not available.
[   10.995244] Freeing unused kernel memory: 1512K
[   11.005953] Write protecting the kernel read-only data: 14336k
[   11.039049] Freeing unused kernel memory: 1688K
[   11.111285] Freeing unused kernel memory: 96K
Loading, please [   11.276773] random: systemd-udevd: uninitialized urandom read (16 bytes read, 7 bits of entropy available)
wait...
starting version 229
[   11.277138] random: udevadm: uninitialized urandom read (16 bytes read, 7 bits of entropy available)
[   11.277154] random: udevadm: uninitialized urandom read (16 bytes read, 7 bits of entropy available)
[   11.285320] random: udevadm: uninitialized urandom read (16 bytes read, 7 bits of entropy available)
[   11.285350] random: udevadm: uninitialized urandom read (16 bytes read, 7 bits of entropy available)
[   11.285440] random: udevadm: uninitialized urandom read (16 bytes read, 7 bits of entropy available)
[   11.285474] random: udevadm: uninitialized urandom read (16 bytes read, 7 bits of entropy available)
[   11.285505] random: udevadm: uninitialized urandom read (16 bytes read, 7 bits of entropy available)
[   11.285537] random: udevadm: uninitialized urandom read (16 bytes read, 7 bits of entropy available)
[   11.285567] random: udevadm: uninitialized urandom read (16 bytes read, 7 bits of entropy available)
[   11.504868] Fusion MPT base driver 3.04.20
[   11.531617] Copyright (c) 1999-2008 LSI Corporation
[   11.563095] e1000: Intel(R) PRO/1000 Network Driver - version 7.3.21-k8-NAPI
[   11.564805] e1000: Copyright (c) 1999-2006 Intel Corporation.
[   11.597484] Fusion MPT SPI Host driver 3.04.20
[   11.671620] AVX2 version of gcm_enc/dec engaged.
[   11.736949] AES CTR mode by8 optimization enabled
[   11.853657] input: ImExPS/2 Generic Explorer Mouse as /devices/platform/i8042/serio1/input/input4
[   12.148632] e1000 0000:00:03.0 eth0: (PCI:33MHz:32-bit) 02:2d:a7:2d:c6:76
[   12.584626] e1000 0000:00:03.0 eth0: Intel(R) PRO/1000 Network Connection
[   13.135166] e1000 0000:00:08.0 eth1: (PCI:33MHz:32-bit) 08:00:27:1a:22:c7
[   13.565131] e1000 0000:00:08.0 eth1: Intel(R) PRO/1000 Network Connection
[   13.602999] mptbase: ioc0: Initiating bringup
[   13.603397] e1000 0000:00:08.0 enp0s8: renamed from eth1
[   13.626696] e1000 0000:00:03.0 enp0s3: renamed from eth0
[   13.682499] ioc0: LSI53C1030 A0: Capabilities={Initiator}
[   13.849636] scsi host2: ioc0: LSI53C1030 A0, FwRev=00000000h, Ports=1, MaxQ=256, IRQ=20
[   13.990197] scsi 2:0:0:0: Direct-Access     VBOX     HARDDISK         1.0  PQ: 0 ANSI: 5
[   13.993532] scsi target2:0:0: Beginning Domain Validation
[   14.017100] scsi target2:0:0: Domain Validation skipping write tests
[   14.027113] scsi target2:0:0: Ending Domain Validation
[   14.028874] scsi target2:0:0: asynchronous
[   14.035032] scsi 2:0:1:0: Direct-Access     VBOX     HARDDISK         1.0  PQ: 0 ANSI: 5
[   14.072416] scsi target2:0:1: Beginning Domain Validation
[   14.079258] scsi target2:0:1: Domain Validation skipping write tests
[   14.083810] scsi target2:0:1: Ending Domain Validation
[   14.094707] scsi target2:0:1: asynchronous
[   14.109091] sd 2:0:0:0: Attached scsi generic sg0 type 0
[   14.110475] sd 2:0:0:0: [sda] 20971520 512-byte logical blocks: (10.7 GB/10.0 GiB)
[   14.112319] sd 2:0:0:0: [sda] Write Protect is off
[   14.113548] sd 2:0:0:0: [sda] Incomplete mode parameter data
[   14.113687] sd 2:0:1:0: [sdb] 20480 512-byte logical blocks: (10.5 MB/10.0 MiB)
[   14.113849] sd 2:0:1:0: [sdb] Write Protect is off
[   14.113953] sd 2:0:1:0: [sdb] Incomplete mode parameter data
[   14.113954] sd 2:0:1:0: [sdb] Assuming drive cache: write through
[   14.115517] sd 2:0:1:0: [sdb] Attached SCSI disk
[   14.123074] sd 2:0:1:0: Attached scsi generic sg1 type 0
[   14.314687] sd 2:0:0:0: [sda] Assuming drive cache: write through
[   14.365386]  sda: sda1
[   14.372568] sd 2:0:0:0: [sda] Attached SCSI disk
Begin: Loading essential drivers ... [   15.874826] md: linear personality registered for level -1
[   15.880044] md: multipath personality registered for level -4
[   15.885062] md: raid0 personality registered for level 0
[   15.904351] md: raid1 personality registered for level 1
[   15.989882] raid6: sse2x1   gen() 11207 MB/s
[   16.065639] raid6: sse2x1   xor()  8118 MB/s
[   16.133768] raid6: sse2x2   gen() 15250 MB/s
[   16.201749] raid6: sse2x2   xor()  9578 MB/s
[   16.277689] raid6: sse2x4   gen()  9929 MB/s
[   16.358870] raid6: sse2x4   xor() 11064 MB/s
[   16.433680] raid6: avx2x1   gen() 21595 MB/s
[   16.509658] raid6: avx2x2   gen() 21094 MB/s
[   16.581620] raid6: avx2x4   gen() 31098 MB/s
[   16.592285] raid6: using algorithm avx2x4 gen() 31098 MB/s
[   16.614132] raid6: using avx2x2 recovery algorithm
[   16.632294] xor: automatically using best checksumming function:
[   16.690031]    avx       : 22686.000 MB/sec
[   16.697269] async_tx: api initialized (async)
[   16.704832] md: raid6 personality registered for level 6
[   16.719507] md: raid5 personality registered for level 5
[   16.721396] md: raid4 personality registered for level 4
[   16.730143] md: raid10 personality registered for level 10
done.
Begin: Running /scripts/init-premount ... done.
Begin: Mounting root file system ... Begin: Running /scripts/local-top ... done.
Begin: Running /scripts/local-premount ... [   16.819399] Btrfs loaded
Scanning for Btrfs filesystems
done.
Warning: fsck not present, so skipping root file system
[   16.875704] EXT4-fs (sda1): mounted filesystem with ordered data mode. Opts: (null)
done.
Begin: Running /scripts/local-bottom ... done.
Begin: Running /scripts/init-bottom ... done.
[   17.244503] systemd[1]: systemd 229 running in system mode. (+PAM +AUDIT +SELINUX +IMA +APPARMOR +SMACK +SYSVINIT +UTMP +LIBCRYPTSETUP +GCRYPT +GNUTLS +ACL +XZ -LZ4 +SECCOMP +BLKID +ELFUTILS +KMOD -IDN)
[   17.256400] systemd[1]: Detected virtualization oracle.
[   17.258240] systemd[1]: Detected architecture x86-64.

Welcome to [1mUbuntu 16.04.4 LTS[0m!

[   17.322714] systemd[1]: Set hostname to <ubuntu>.
[   17.369861] systemd[1]: Initializing machine ID from random generator.
[   17.374867] systemd[1]: Installed transient /etc/machine-id file.
[   17.512535] random: nonblocking pool is initialized
[   17.580055] systemd[1]: Reached target System Time Synchronized.
[[0;32m  OK  [0m] Reached target System Time Synchronized.
[   17.602315] systemd[1]: Set up automount Arbitrary Executable File Formats File System Automount Point.
[[0;32m  OK  [0m] Set up automount Arbitrary Executab...ats File System Automount Point.
[   17.650483] systemd[1]: Reached target User and Group Name Lookups.
[[0;32m  OK  [0m] Reached target User and Group Name Lookups.
[   17.665244] systemd[1]: Listening on udev Control Socket.
[[0;32m  OK  [0m] Listening on udev Control Socket.
[   17.669613] systemd[1]: Reached target Swap.
[[0;32m  OK  [0m] Reached target Swap.
[   17.678427] systemd[1]: Listening on Journal Socket.
[[0;32m  OK  [0m] Listening on Journal Socket.
[   17.706243] systemd[1]: Reached target Encrypted Volumes.
[[0;32m  OK  [0m] Reached target Encrypted Volumes.
[   17.745420] systemd[1]: Listening on Syslog Socket.
[[0;32m  OK  [0m] Listening on Syslog Socket.
[   17.769484] systemd[1]: Started Forward Password Requests to Wall Directory Watch.
[[0;32m  OK  [0m] Started Forward Password Requests to Wall Directory Watch.
[   17.819326] systemd[1]: Created slice System Slice.
[[0;32m  OK  [0m] Created slice System Slice.
[   17.898442] systemd[1]: Mounting Huge Pages File System...
         Mounting Huge Pages File System...
[   17.921338] systemd[1]: Starting Set console keymap...
         Starting Set console keymap...
[   17.950288] systemd[1]: Listening on /dev/initctl Compatibility Named Pipe.
[[0;32m  OK  [0m] Listening on /dev/initctl Compatibility Named Pipe.
[   17.985734] systemd[1]: Created slice User and Session Slice.
[[0;32m  OK  [0m] Created slice User and Session Slice.
[   18.042813] systemd[1]: Created slice system-serial\x2dgetty.slice.
[[0;32m  OK  [0m] Created slice system-serial\x2dgetty.slice.
[   18.088965] systemd[1]: Listening on udev Kernel Socket.
[[0;32m  OK  [0m] Listening on udev Kernel Socket.
[   18.103347] systemd[1]: Reached target Slices.
[[0;32m  OK  [0m] Reached target Slices.
[   18.154589] systemd[1]: Starting Create list of required static device nodes for the current kernel...
         Starting Create list of required st... nodes for the current kernel...
[   18.196913] systemd[1]: Listening on Journal Audit Socket.
[[0;32m  OK  [0m] Listening on Journal Audit Socket.
[   18.250600] systemd[1]: Listening on LVM2 metadata daemon socket.
[[0;32m  OK  [0m] Listening on LVM2 metadata daemon socket.
[   18.302072] systemd[1]: Mounting POSIX Message Queue File System...
         Mounting POSIX Message Queue File System...
[   18.322927] systemd[1]: Starting Remount Root and Kernel File Systems...
[   18.326108] EXT4-fs (sda1): re-mounted. Opts: (null)
         Starting Remount Root and Kernel File Systems...
[   18.394913] systemd[1]: Listening on Journal Socket (/dev/log).
[[0;32m  OK  [0m] Listening on Journal Socket (/dev/log).
[   18.442247] systemd[1]: Starting Journal Service...
         Starting Journal Service...
[   18.468823] systemd[1]: Starting Load Kernel Modules...
         Startin[   18.488072] Loading iSCSI transport class v2.0-870.
g Load Kernel Modules...
[   18.506107] systemd[1]: Listening on Device-mapper event daemon FIFOs.
[[0;32m  OK  [[   18.510668] iscsi: registered transport (tcp)
0m] Listening on Device-mapper event daemon FIFOs.
[   18.538318] iscsi: registered transport (iser)
[   18.585857] systemd[1]: Starting Monitoring of LVM2 mirrors, snapshots etc. using dmeventd or progress polling...
         Starting Monitoring of LVM2 mirrors... dmeventd or progress polling...
[   18.623006] systemd[1]: Mounting Debug File System...
         Mounting Debug File System...
[   18.635085] systemd[1]: Started Trigger resolvconf update for networkd DNS.
[[0;32m  OK  [0m] Started Trigger resolvconf update for networkd DNS.
[   18.658980] systemd[1]: Starting Nameserver information manager...
         Starting Nameserver information manager...
[  1.6080]sytemd1]: Listening on LVM2 poll daemon socket.
[[0;32m  OK  [0m] Listening on LVM2 poll daemon socket.
[   18.934218] systemd[1]: Starting Uncomplicated firewall...
         Starting Uncomplicated firewall...
[   18.971888] systemd[1]: Mounted POSIX Message Queue File System.
[[0;32m  OK  [0m] Mounted POSIX Message Queue File System.
[ 1901754] systemd[1]: Mounted Huge Pages File System.
[[0;32m  OK  [0m] Mounted Huge Pages File System.
[   19.110366] systemd[1]: Mounted Debug File System.
[[0;32m  OK  [0m] Mounted Debug File System.
[   19.115323] systemd[1]: Started Journal Service.
[[0;32m  OK  [0m] Started Journal Service.
[[0;32m  OK  [0m] Started Set console keymap.
[[0;32m  OK  [0m] Started Create list of required sta...ce nodes for the current kernel.
[[0;32m  OK  [0m] Started Remount Root and Kernel File Systems.
[[0;32m  OK  [0m] Started Load Kernel Modules.
[[0;32m  OK  [0m] Started Uncomplicated firewall.
[[0;32m  OK  [0m] Started Nameserver information manager.
[[0;32m  OK  [0m] Started LVM2 metadata daemon.
         Mounting FUSE Control File System...
         Starting Apply Kernel Variables...
         Starting Load/Save Random Seed...
         Starting udev Coldplug all Devices...
         Starting Create Static Device Nodes in /dev...
         Starting Flush Journal to Persistent Storage...
[[0;32m  OK  [0m] Mounted FUSE Control File System.
[[0;32m  OK  [0m] Started Apply Kernel Variables.
[[0;32m  OK  [0m] Started Load/Save Random Seed.
[[0;32m  OK  [0m] Started Create Static Device Nodes in /dev.
[[0;32m  OK  [0m] Started Flush Journal to Persistent Storage.
[[0;32m  OK  [0m] Started udev Coldplug all Devices.
         Starting udev Kernel Device Manager...
[[0;32m  OK  [0m] Started udev Kernel Device Manager.
[[0;32m  OK  [0m] Started Dispatch Password Requests to Console Directory Watch.
[[0;32m  OK  [0m] Started Monitoring of LVM2 mirrors,...ng dmeventd or progress polling.
[[0;32m  OK  [0m] Found device /dev/ttyS0.
[[0;32m  OK  [0m] Reached target Local File Systems (Pre).
[[0;32m  OK  [0m] Reached target Local File Systems.
         Starting Tell Plymouth To Write Out Runtime Data...
         Starting LSB: AppArmor initialization...
         Starting Set console font and keymap...
         Starting Create Volatile Files and Directories...
         Starting Commit a transient machine-id on disk...
         Starting Initial cloud-init job (pre-networking)...
[[0;32m  OK  [0m] Started Tell Plymouth To Write Out Runtime Data.
[[0;32m  OK  [0m] Started Create Volatile Files and Directories.
[[0;32m  OK  [0m] Started Commit a transient machine-id on disk.
[[0;32m  OK  [0m] Listening on Load/Save RF Kill Switch Status /dev/rfkill Watch.
         Starting Update UTMP about System Boot/Shutdown...
[[0;32m  OK  [0m] Started Update UTMP about System Boot/Shutdown.
[[0;1;31mFAILED[0m] Failed to start Set console font and keymap.
See 'systemctl status console-setup.service' for details.
[[0;32m  OK  [0m] Created slice system-getty.slice.
[[0;32m  OK  [0m] Started LSB: AppArmor initialization.
[   17.862641] cloud-init[663]: Cloud-init v. 18.2 running 'init-local' at Thu, 19 Jul 2018 04:34:02 +0000. Up 17.64 seconds.
[[0;32m  OK  [0m] Started Initial cloud-init job (pre-networking).
[[0;32m  OK  [0m] Reached target Network (Pre).
         Starting Raise network interfaces...
[[0;32m  OK  [0m] Started Raise network interfaces.
         Starting Initial cloud-init job (metadata service crawler)...
[[0;32m  OK  [0m] Reached target Network.
[   18.841418] cloud-init[936]: Cloud-init v. 18.2 running 'init' at Thu, 19 Jul 2018 04:34:03 +0000. Up 18.34 seconds.
[   18.909364] cloud-init[936]: ci-info: ++++++++++++++++++++++++++++++++++++++Net device info++++++++++++++++++++++++++++++++++++++
[   18.910457] cloud-init[936]: ci-info: +--------+-------+----------------------------+---------------+-------+-------------------+
[   18.910766] cloud-init[936]: ci-info: | Device |   Up  |          Address           |      Mask     | Scope |     Hw-Address    |
[   18.911047] cloud-init[936]: ci-info: +--------+-------+----------------------------+---------------+-------+-------------------+
[   18.911344] cloud-init[936]: ci-info: | enp0s3 |  True |         10.0.2.15          | 255.255.255.0 |   .   | 02:2d:a7:2d:c6:76 |
[   18.911628] cloud-init[936]: ci-info: | enp0s3 |  True | fe80::2d:a7ff:fe2d:c676/64 |       .       |  link | 02:2d:a7:2d:c6:76 |
[   18.911919] cloud-init[936]: ci-info: | enp0s8 | False |             .              |       .       |   .   | 08:00:27:1a:22:c7 |
[   18.912550] cloud-init[936]: ci-info: |   lo   |  True |         127.0.0.1          |   255.0.0.0   |   .   |         .         |
[   18.912819] cloud-init[936]: ci-info: |   lo   |  True |          ::1/128           |       .       |  host |         .         |
[   18.913115] cloud-init[936]: ci-info: +--------+-------+----------------------------+---------------+-------+-------------------+
[   18.913392] cloud-init[936]: ci-info: +++++++++++++++++++++++++++Route IPv4 info++++++++++++++++++++++++++++
[   18.913673] cloud-init[936]: ci-info: +-------+-------------+----------+---------------+-----------+-------+
[   18.913947] cloud-init[936]: ci-info: | Route | Destination | Gateway  |    Genmask    | Interface | Flags |
[   18.914223] cloud-init[936]: ci-info: +-------+-------------+----------+---------------+-----------+-------+
[   18.914499] cloud-init[936]: ci-info: |   0   |   0.0.0.0   | 10.0.2.2 |    0.0.0.0    |   enp0s3  |   UG  |
[[0;32m  OK  [0m] Started Initial cloud-init job (metadata service crawler).
[   18.914809] cloud-init[936]: ci-info: |   1   |   10.0.2.0  | 0.0.0.0  | 255.255.255.0 |   enp0s3  |   U   |
[   19.600444] cloud-init[936]: ci-info: +-------+-------------+----------+---------------+-----------+-------+
[   19.600801] cloud-init[936]: Generating public/private rsa key pair.
[   19.601079] cloud-init[936]: Your identification has been saved in /etc/ssh/ssh_host_rsa_key.
[   19.601324] cloud-init[936]: Your public key has been saved in /etc/ssh/ssh_host_rsa_key.pub.
[   19.601585] cloud-init[936]: The key fingerprint is:
[   19.601841] cloud-init[936]: SHA256:Uxs6YFFx2jRAsGDBFrt5wltNofBgGsChJf7ksedpxmQ root@ubuntu-xenial
[   19.602093] cloud-init[936]: The key's randomart image is:
[   19.602355] cloud-init[936]: +---[RSA 2048]----+
[[0;32m  OK  [0m] Reached target System Initialization.
[[   19.602627] cloud-init[936]: |+o+.Ooo+*o+      |
[   19.774183] cloud-init[936]: |o+ =o* + * .     |
[   19.774755] cloud-init[936]: |...+. * o +      |
[   19.775083] cloud-init[936]: |  +.o+ + o o     |
[   19.775644] cloud-init[936]: |   +=Eo S .      |
[0;32m  OK  [0m] [   19.776438] Started Daily apt download activities.cloud-init
[936]: |    *=.  o       |
         [   19.776472] cloud-init[936]: |    .*           |
Starting Socket activation for snappy daemon.
[[   19.826967] cloud-init[936]: |    o            |
[   19.907074] cloud-init[936]: |                 |
[   19.907785] cloud-init[936]: +----[SHA256]-----+
[   19.908102] cloud-init[936]: Generating public/private dsa key pair.
[0;32m  OK  [0m] Listening on D-Bus System Message Bus Socket.
[   19.908162] cloud-init[936]: Your identification has been saved in /etc/ssh/ssh_host_dsa_key.
[   20.069716] cloud-init[936]: Your public key has been saved in /etc/ssh/ssh_host_dsa_key.pub.
[   20.070473] cloud-init[936]: The key fingerprint is:
[[0;32m  OK  [0m] Started ACPI Events Check.
[   20.070880] cloud-init[936]: SHA256:77jolrHexOKVwlg7LumAbDwn209ijOwnb9xRx+xkzbA root@ubuntu-xenial
[   20.265896] cloud-init[936]: The key's randomart image is:
[   20.266302] cloud-init[936]: +---[DSA 1024]----+
[   20.267053] cloud-init[936]: |                 |
[   20.267352] cloud-init[936]: |         .       |
[   20.267712] cloud-init[936]: |        o =      |
[   20.268094] cloud-init[936]: |       . E o     |
[   20.268418] cloud-init[936]: |      o S        |
[   20.268753] cloud-init[936]: |+.o  =.o +       |
[   20.269459] cloud-init[936]: |.Oo=ooB+= .      |
[[0;32m  OK  [0m] [   20.269812] Reached target Paths.cloud-init
[936]: |o.B==++O o       |
[[   20.269845] cloud-init[936]: | o=+o** +..      |
[   20.384075] cloud-init[936]: +----[SHA256]-----+
[   20.384313] cloud-init[936]: Generating public/private ecdsa key pair.
[   20.384593] cloud-init[936]: Your identification has been saved in /etc/ssh/ssh_host_ecdsa_key.
[   20.384879] cloud-init[936]: Your public key has been saved in /etc/ssh/ssh_host_ecdsa_key.pub.
[   20.385185] cloud-init[936]: The key fingerprint is:
[   20.385400] cloud-init[936]: SHA256:OSwqn62ueeGg4wiAUljM4krcM+JQW8yGDJ90yzVs1h0 root@ubuntu-xenial
[   20.385632] cloud-init[936]: The key's randomart image is:
[   20.385848] cloud-init[936]: +---[ECDSA 256]---+
[   20.386149] cloud-init[936]: |.=o+..o. .E.     |
[   20.386400] cloud-init[936]: |.=*+=o+.. .      |
[   20.386673] cloud-init[936]: |+o=+oo           |
[   20.386949] cloud-init[936]: |o*.+   . .       |
[   20.387227] cloud-init[936]: |O . o . S        |
[   20.387502] cloud-init[936]: |+.. .. . .       |
[   20.387778] cloud-init[936]: |...o..           |
[   20.388341] cloud-init[936]: |=  +oo           |
[   20.388610] cloud-init[936]: |ooo+=..          |
[0;32m  OK  [0m] Listening on UUID daemon activation socket.
[[   20.389146] cloud-init[936]: +----[SHA256]-----+
[   20.687374] cloud-init[936]: Generating public/private ed25519 key pair.
[0;32m  OK  [0m] Started Daily Cleanup of Temporary Directories.
[[   20.687518] cloud-init[936]: Your identification has been saved in /etc/ssh/ssh_host_ed25519_key.
[0;32m  OK  [0m] Listening on ACPID Listen Socket.
[   20.746065] cloud-init[936]: Your public key has been saved in /etc/ssh/ssh_host_ed25519_key.pub.
[   20.785782] cloud-init[936]: The key fingerprint is:
[   20.786791] cloud-init[936]: SHA256:GQx9wwRFHdkWgc+2gv3F8SBdSGupOeoKLqpFO5tcxOw root@ubuntu-xenial
[   20.787014] cloud-init[936]: The key's randomart image is:
[   20.787228] cloud-init[936]: +--[ED25519 256]--+
[   20.787427] cloud-init[936]: |      ...*+..*++ |
[   20.787632] cloud-init[936]: |       o. + + +o.|
[   20.787838] cloud-init[936]: |        o. . =+. |
[   20.788181] cloud-init[936]: |   o     o  .+*. |
[[   20.788681] [0;32m  OK  [0mcloud-init] [936]: Started Daily apt upgrade and clean activities.|  . +   S  o+o +o|

[   20.788728] cloud-init[936]: | . +      ..o.. +|
[   21.057688] cloud-init[936]: |  + E .   .  o . |
[[0;32m  OK  [0m] Reached target Timers.
[   21.058155] cloud-init[936]: | o =.. . .    .  |
[   21.157894] cloud-init[936]: |..=. .. ...      |
[   21.158436] cloud-init[936]: +----[SHA256]-----+
         Starting LXD - unix socket.
[[0;32m  OK  [0m] Reached target Cloud-config availability.
[[0;32m  OK  [0m] Reached target Network is Online.
         Starting iSCSI initiator daemon (iscsid)...
[[0;32m  OK  [0m] Listening on Socket activation for snappy daemon.
[[0;32m  OK  [0m] Listening on LXD - unix socket.
[[0;32m  OK  [0m] Started iSCSI initiator daemon (iscsid).
         Starting Login to default iSCSI targets...
[[0;32m  OK  [0m] Reached target Sockets.
[[0;32m  OK  [0m] Reached target Basic System.
         Starting Virtualbox guest utils...
         Starting Apply the settings specified in cloud-config...
         Starting LSB: MD monitoring daemon...
[[0;32m  OK  [0m] Started Deferred execution scheduler.
[[0;32m  OK  [0m] Started Unattended Upgrades Shutdown.
         Starting LSB: Record successful boot for GRUB...
[[0;32m  OK  [0m] Started Regular background program processing daemon.
[[0;32m  OK  [0m] Started FUSE filesystem for LXC.
         Starting /etc/rc.local Compatibility...
         Starting Accounts Service...
         Starting LXD - container startup/shutdown...
         Starting Pollinate to seed the pseudo random number generator...
[[0;32m  OK  [0m] Started ACPI event daemon.
         Starting System Logging Service...
         Starting Login Service...
         Starting Snappy daemon...
[[0;32m  OK  [0m] Started D-Bus System Message Bus.
[[0;32m  OK  [0m] Started System Logging Service.
[[0;32m  OK  [0m] Started /etc/rc.local Compatibility.
[[0;32m  OK  [0m] Started LXD - container startup/shutdown.
[[0;32m  OK  [0m] Started Snappy daemon.
[[0;32m  OK  [0m] Started Login to default iSCSI targets.
[[0;32m  OK  [0m] Started LSB: MD monitoring daemon.
[[0;32m  OK  [0m] Started Virtualbox guest utils.
[[0;32m  OK  [0m] Started LSB: Record successful boot for GRUB.
[[0;32m  OK  [0m] Started Login Service.
         Starting Authenticate and Authorize Users to Run Privileged Tasks...
[[0;32m  OK  [0m] Reached target Remote File Systems (Pre).
[[0;32m  OK  [0m] Reached target Remote File Systems.
         Starting Permit User Sessions...
         Starting LSB: daemon to balance interrupts for SMP systems...
         Starting LSB: Set the CPU Frequency Scaling governor to "ondemand"...
         Starting LSB: automatic crash report generation...
         Starting Wait until snapd is fully seeded...
[[0;32m  OK  [0m] Started Authenticate and Authorize Users to Run Privileged Tasks.
[[0;32m  OK  [0m] Started Accounts Service.
[[0;32m  OK  [0m] Started Permit User Sessions.
[   22.059121] cloud-init[1040]: Generating locales (this might take a while)...
         Starting Hold until boot process finishes up...
         Starting Terminate Plymouth Boot Screen...
[[0;32m  OK  [0m] Started LSB: daemon to balance interrupts for SMP systems.
[[0;32m  OK  [0m] Started LSB: Set the CPU Frequency Scaling governor to "ondemand".
[[0;32m  OK  [0m] Started Hold until boot process finishes up.
[[0;32m  OK  [0m] Started Terminate Plymouth Boot Screen.
         Starting Set console scheme...
[[0;32m  OK  [0m] Started Getty on tty1.
[[0;32m  OK  [0m] Started Serial Getty on ttyS0.
[[0;32m  OK  [0m] Reached target Login Prompts.
[[0;32m  OK  [0m] Started LSB: automatic crash report generation.
[[0;32m  OK  [0m] Started Set console scheme.
[   22.704946] cloud-init[1040]:   en_US.UTF-8... done
[   22.736402] cloud-init[1040]: Generation complete.
[   23.026555] cloud-init[1040]: Cloud-init v. 18.2 running 'modules:config' at Thu, 19 Jul 2018 04:34:06 +0000. Up 21.91 seconds.
[[0;32m  OK  [0m] Started Apply the settings specified in cloud-config.
[[0;32m  OK  [0m] Started Pollinate to seed the pseudo random number generator.
         Starting OpenBSD Secure Shell server...
[[0;32m  OK  [0m] Started OpenBSD Secure Shell server.
[[0;32m  OK  [0m] Created slice User Slice of vagrant.
         Starting User Manager for UID 1000...
[[0;32m  OK  [0m] Started Session 1 of user vagrant.
[[0;32m  OK  [0m] Started User Manager for UID 1000.
         Stopping User Manager for UID 1000...
[[0;32m  OK  [0m] Stopped User Manager for UID 1000.
[[0;32m  OK  [0m] Removed slice User Slice of vagrant.
[[0;32m  OK  [0m] Created slice User Slice of vagrant.
         Starting User Manager for UID 1000...
[[0;32m  OK  [0m] Started User Manager for UID 1000.
[[0;32m  OK  [0m] Started Session 2 of user vagrant.
[[0;32m  OK  [0m] Started Wait until snapd is fully seeded.
[[0;32m  OK  [0m] Reached target Multi-User System.
[[0;32m  OK  [0m] Reached target Graphical Interface.
         Starting Execute cloud user/final scripts...
         Starting Update UTMP about System Runlevel Changes...
[[0;32m  OK  [0m] Started Update UTMP about System Runlevel Changes.
ci-info: no authorized ssh keys fingerprints found for user ubuntu.
<14>Jul 19 04:34:11 ec2: 
<14>Jul 19 04:34:11 ec2: #############################################################
<14>Jul 19 04:34:11 ec2: -----BEGIN SSH HOST KEY FINGERPRINTS-----
<14>Jul 19 04:34:11 ec2: 1024 SHA256:77jolrHexOKVwlg7LumAbDwn209ijOwnb9xRx+xkzbA root@ubuntu-xenial (DSA)
<14>Jul 19 04:34:11 ec2: 256 SHA256:OSwqn62ueeGg4wiAUljM4krcM+JQW8yGDJ90yzVs1h0 root@ubuntu-xenial (ECDSA)
<14>Jul 19 04:34:11 ec2: 256 SHA256:GQx9wwRFHdkWgc+2gv3F8SBdSGupOeoKLqpFO5tcxOw root@ubuntu-xenial (ED25519)
<14>Jul 19 04:34:11 ec2: 2048 SHA256:Uxs6YFFx2jRAsGDBFrt5wltNofBgGsChJf7ksedpxmQ root@ubuntu-xenial (RSA)
<14>Jul 19 04:34:11 ec2: -----END SSH HOST KEY FINGERPRINTS-----
<14>Jul 19 04:34:11 ec2: #############################################################
-----BEGIN SSH HOST KEY KEYS-----
ecdsa-sha2-nistp256 AAAAE2VjZHNhLXNoYTItbmlzdHAyNTYAAAAIbmlzdHAyNTYAAABBBNHVriHjjCsSdHKLZvso7Y42jXCrTRQ0ImW+Nzo04WHpNOQNI68Shfh3KqSqaX5wyoP/iMdTou9G3GZJeU540uA= root@ubuntu-xenial
ssh-ed25519 AAAAC3NzaC1lZDI1NTE5AAAAIOxEklEWhBUz+us8DJGY/kWLAFooBtlarSryrLQHyn6c root@ubuntu-xenial
ssh-rsa AAAAB3NzaC1yc2EAAAADAQABAAABAQDWnv5aDLbFwllvty+3kvsnHAST4P3XJKnYzbnEpgwsqF/ETV1zfWlLr6JH+4T/YLcZ0PqPFY2evEcBYqqHoeX2q13uCr48nAZTzofsajWUP/AzNnIFfmLqPY3+P/fzK+y1Pd1+ZrCXBNFFLw3f13f/bnyl9O2SQwf0gnuHtlBkqTr133J96cZgUPAGbWnX2BuZPmiEBSxQjUKHhXqHfv9t4jGnCVtEpas0sYgNk7TXWW9ruxi2SwsAOshf/guMt9SmcVWQMCR67Ihu7aJjNUpvH/3AwJZJfLH2F2n8I+rnId/rPnKGpN3FnRISvlidCJWH6BSeeBuNPBL0mf9UdeAL root@ubuntu-xenial
-----END SSH HOST KEY KEYS-----
[   26.940017] cloud-init[1530]: Cloud-init v. 18.2 running 'modules:final' at Thu, 19 Jul 2018 04:34:11 +0000. Up 26.36 seconds.
[   26.972824] cloud-init[1530]: ci-info: no authorized ssh keys fingerprints found for user ubuntu.
[   26.999669] cloud-init[1530]: Cloud-init v. 18.2 finished at Thu, 19 Jul 2018 04:34:11 +0000. Datasource DataSourceNoCloud [seed=/dev/sdb][dsmode=net].  Up 26.92 seconds
[[0;32m  OK  [0m] Started Execute cloud user/final scripts.
[[0;32m  OK  [0m] Reached target Cloud-init target.

Ubuntu 16.04.4 LTS ubuntu-xenial ttyS0

ubuntu-xenial login: 